Compiling the C compiler identification source file "CMakeCCompilerId.c" failed.
Compiler: /home/abarcelos/x-tools/arm-linux-gnueabihf/bin/arm-linux-gnueabihf-gcc 
Build flags: 
Id flags:  

The output was:
1
/home/abarcelos/x-tools/arm-linux-gnueabihf/bin/../lib/gcc/arm-linux-gnueabihf/10.2.1/../../../../arm-linux-gnueabihf/bin/ld: cannot find /opt/rpi/rpi-gcc-10.2.1/arm-linux-gnueabihf/lib/libc.so.6
/home/abarcelos/x-tools/arm-linux-gnueabihf/bin/../lib/gcc/arm-linux-gnueabihf/10.2.1/../../../../arm-linux-gnueabihf/bin/ld: cannot find /opt/rpi/rpi-gcc-10.2.1/arm-linux-gnueabihf/lib/libc_nonshared.a
/home/abarcelos/x-tools/arm-linux-gnueabihf/bin/../lib/gcc/arm-linux-gnueabihf/10.2.1/../../../../arm-linux-gnueabihf/bin/ld: cannot find /opt/rpi/rpi-gcc-10.2.1/arm-linux-gnueabihf/lib/ld-linux-armhf.so.3
collect2: error: ld returned 1 exit status


Compiling the CXX compiler identification source file "CMakeCXXCompilerId.cpp" failed.
Compiler: /home/abarcelos/x-tools/arm-linux-gnueabihf/bin/arm-linux-gnueabihf-g++ 
Build flags: 
Id flags:  

The output was:
1
/home/abarcelos/x-tools/arm-linux-gnueabihf/bin/../lib/gcc/arm-linux-gnueabihf/10.2.1/../../../../arm-linux-gnueabihf/bin/ld: cannot find /opt/rpi/rpi-gcc-10.2.1/arm-linux-gnueabihf/lib/libc.so.6
/home/abarcelos/x-tools/arm-linux-gnueabihf/bin/../lib/gcc/arm-linux-gnueabihf/10.2.1/../../../../arm-linux-gnueabihf/bin/ld: cannot find /opt/rpi/rpi-gcc-10.2.1/arm-linux-gnueabihf/lib/libc_nonshared.a
/home/abarcelos/x-tools/arm-linux-gnueabihf/bin/../lib/gcc/arm-linux-gnueabihf/10.2.1/../../../../arm-linux-gnueabihf/bin/ld: cannot find /opt/rpi/rpi-gcc-10.2.1/arm-linux-gnueabihf/lib/ld-linux-armhf.so.3
collect2: error: ld returned 1 exit status


